<?xml version="1.0" encoding="UTF-8"?>
<!-- Generated by org.testng.reporters.JUnitXMLReporter -->
<testsuite ignored="0" hostname="LAPTOP-CIN1B6F2" failures="0" tests="3" name="Surefire test" time="0.063" errors="0" timestamp="2026-01-08T10:46:44 IST">
  <testcase classname="gitHubPractise.GithubPractiseTest" name="githubPractiseTest" time="0.0"/>
  <testcase classname="JenkinsPractise.JenkinsPractiseTest" name="jenkinsPractiseTest" time="0.0"/>
  <testcase classname="MavenPractise.MavenPractiseTest" name="mavenPractiseTest" time="0.004"/>
</testsuite> <!-- Surefire test -->
