<?xml version="1.0" encoding="UTF-8"?>
<!-- Generated by org.testng.reporters.JUnitXMLReporter -->
<testsuite ignored="0" hostname="LAPTOP-CIN1B6F2" failures="0" tests="3" name="Test" time="0.059" errors="0" timestamp="2025-12-31T18:14:03 IST">
  <testcase classname="gitHubPractise.GithubPractiseTest" name="githubPractiseTest" time="0.007"/>
  <testcase classname="MavenPractise.MavenPractiseTest" name="mavenPractiseTest" time="0.0"/>
  <testcase classname="JenkinsPractise.JenkinsPractiseTest" name="jenkinsPractiseTest" time="0.001"/>
</testsuite> <!-- Test -->
