<?xml version="1.0" encoding="UTF-8"?>
<testsuite xmlns:xsi="http://www.w3.org/2001/XMLSchema-instance" xsi:noNamespaceSchemaLocation="https://maven.apache.org/surefire/maven-surefire-plugin/xsd/surefire-test-report-3.0.xsd" version="3.0" name="TestSuite" time="1.138" tests="3" errors="0" skipped="0" failures="0">
  <properties>
[...]
</properties>
  <testcase name="githubPractiseTest" classname="gitHubPractise.GithubPractiseTest" time="0.011">
    <system-out><![CDATA[hii github
Github
]]></system-out>
    <system-err><![CDATA[SLF4J: Failed to load class "org.slf4j.impl.StaticLoggerBinder".
SLF4J: Defaulting to no-operation (NOP) logger implementation
SLF4J: See http://www.slf4j.org/codes.html#StaticLoggerBinder for further details.
]]></system-err>
  </testcase>
  <testcase name="jenkinsPractiseTest" classname="JenkinsPractise.JenkinsPractiseTest" time="0.003">
    <system-out><![CDATA[hii jenkins
]]></system-out>
  </testcase>
  <testcase name="mavenPractiseTest" classname="MavenPractise.MavenPractiseTest" time="0.003">
    <system-out><![CDATA[hii maven
]]></system-out>
  </testcase>
</testsuite>